# JRE version: OpenJDK Runtime Environment (11.0.12+7) (build 11.0.12+7-b1504.28-7817840)
# Java VM: OpenJDK 64-Bit Server VM (11.0.12+7-b1504.28-7817840, mixed mode, tiered, compressed oops, g1 gc, windows-amd64)
Heap:
 garbage-first heap   total 262144K, used 151972K [0x0000000080000000, 0x0000000100000000)
  region size 1024K, 130 young (133120K), 13 survivors (13312K)
 Metaspace       used 49751K, capacity 51061K, committed 51280K, reserved 1093632K
  class space    used 6414K, capacity 6898K, committed 6992K, reserved 1048576K
GC Heap History (10 events):
Event: 0.678 GC heap before
{Heap before GC invocations=0 (full 0):
 garbage-first heap   total 262144K, used 29696K [0x0000000080000000, 0x0000000100000000)
  region size 1024K, 24 young (24576K), 0 survivors (0K)
 Metaspace       used 10183K, capacity 10424K, committed 10624K, reserved 1058816K
  class space    used 1069K, capacity 1140K, committed 1152K, reserved 1048576K
}
Event: 0.683 GC heap after
{Heap after GC invocations=1 (full 0):
 garbage-first heap   total 262144K, used 9445K [0x0000000080000000, 0x0000000100000000)
  region size 1024K, 3 young (3072K), 3 survivors (3072K)
 Metaspace       used 10183K, capacity 10424K, committed 10624K, reserved 1058816K
  class space    used 1069K, capacity 1140K, committed 1152K, reserved 1048576K
}
Event: 2.699 GC heap before
{Heap before GC invocations=1 (full 0):
 garbage-first heap   total 262144K, used 113893K [0x0000000080000000, 0x0000000100000000)
  region size 1024K, 105 young (107520K), 3 survivors (3072K)
 Metaspace       used 20779K, capacity 21152K, committed 21296K, reserved 1069056K
  class space    used 2563K, capacity 2717K, committed 2816K, reserved 1048576K
}
Event: 2.708 GC heap after
{Heap after GC invocations=2 (full 0):
 garbage-first heap   total 262144K, used 17260K [0x0000000080000000, 0x0000000100000000)
  region size 1024K, 11 young (11264K), 11 survivors (11264K)
 Metaspace       used 20779K, capacity 21152K, committed 21296K, reserved 1069056K
  class space    used 2563K, capacity 2717K, committed 2816K, reserved 1048576K
}
Event: 2.869 GC heap before
{Heap before GC invocations=3 (full 0):
 garbage-first heap   total 262144K, used 39788K [0x0000000080000000, 0x0000000100000000)
  region size 1024K, 33 young (33792K), 11 survivors (11264K)
 Metaspace       used 22901K, capacity 23427K, committed 23680K, reserved 1069056K
  class space    used 2909K, capacity 3098K, committed 3200K, reserved 1048576K
}
Event: 2.874 GC heap after
{Heap after GC invocations=4 (full 0):
 garbage-first heap   total 262144K, used 18471K [0x0000000080000000, 0x0000000100000000)
  region size 1024K, 2 young (2048K), 2 survivors (2048K)
 Metaspace       used 22901K, capacity 23427K, committed 23680K, reserved 1069056K
  class space    used 2909K, capacity 3098K, committed 3200K, reserved 1048576K
}
Event: 3.941 GC heap before
{Heap before GC invocations=4 (full 0):
 garbage-first heap   total 262144K, used 109607K [0x0000000080000000, 0x0000000100000000)
  region size 1024K, 92 young (94208K), 2 survivors (2048K)
 Metaspace       used 35070K, capacity 35838K, committed 35920K, reserved 1081344K
  class space    used 4561K, capacity 4880K, committed 4944K, reserved 1048576K
}
Event: 3.952 GC heap after
{Heap after GC invocations=5 (full 0):
 garbage-first heap   total 262144K, used 22957K [0x0000000080000000, 0x0000000100000000)
  region size 1024K, 6 young (6144K), 6 survivors (6144K)
 Metaspace       used 35070K, capacity 35838K, committed 35920K, reserved 1081344K
  class space    used 4561K, capacity 4880K, committed 4944K, reserved 1048576K
}
Event: 5.084 GC heap before
{Heap before GC invocations=6 (full 0):
 garbage-first heap   total 262144K, used 138669K [0x0000000080000000, 0x0000000100000000)
  region size 1024K, 116 young (118784K), 6 survivors (6144K)
 Metaspace       used 44555K, capacity 45545K, committed 45904K, reserved 1089536K
  class space    used 5728K, capacity 6097K, committed 6224K, reserved 1048576K
}
Event: 5.094 GC heap after
{Heap after GC invocations=7 (full 0):
 garbage-first heap   total 262144K, used 30116K [0x0000000080000000, 0x0000000100000000)
  region size 1024K, 13 young (13312K), 13 survivors (13312K)
 Metaspace       used 44555K, capacity 45545K, committed 45904K, reserved 1089536K
  class space    used 5728K, capacity 6097K, committed 6224K, reserved 1048576K
}

