# JRE version: Java(TM) SE Runtime Environment (8.0_202-b08) (build 1.8.0_202-b08)
# Java VM: Java HotSpot(TM) 64-Bit Server VM (25.202-b08 mixed mode windows-amd64 compressed oops)
Heap:
 PSYoungGen      total 117248K, used 60374K [0x00000000d5580000, 0x00000000dd680000, 0x0000000100000000)
  eden space 108032K, 49% used [0x00000000d5580000,0x00000000d8a26f58,0x00000000dbf00000)
  from space 9216K, 70% used [0x00000000dc880000,0x00000000dceceb00,0x00000000dd180000)
  to   space 9728K, 0% used [0x00000000dbf00000,0x00000000dbf00000,0x00000000dc880000)
 ParOldGen       total 90624K, used 16369K [0x0000000080000000, 0x0000000085880000, 0x00000000d5580000)
  object space 90624K, 18% used [0x0000000080000000,0x0000000080ffc7a8,0x0000000085880000)
 Metaspace       used 46223K, capacity 48552K, committed 48856K, reserved 1093632K
  class space    used 6539K, capacity 7011K, committed 7128K, reserved 1048576K
GC Heap History (10 events):
Event: 4.373 GC heap before
{Heap before GC invocations=9 (full 2):
 PSYoungGen      total 117248K, used 108032K [0x00000000d5580000, 0x00000000dd680000, 0x0000000100000000)
  eden space 108032K, 100% used [0x00000000d5580000,0x00000000dbf00000,0x00000000dbf00000)
  from space 9216K, 0% used [0x00000000dc880000,0x00000000dc880000,0x00000000dd180000)
  to   space 9728K, 0% used [0x00000000dbf00000,0x00000000dbf00000,0x00000000dc880000)
 ParOldGen       total 90624K, used 9424K [0x0000000080000000, 0x0000000085880000, 0x00000000d5580000)
  object space 90624K, 10% used [0x0000000080000000,0x0000000080934340,0x0000000085880000)
 Metaspace       used 33265K, capacity 34620K, committed 34904K, reserved 1081344K
  class space    used 4750K, capacity 5082K, committed 5208K, reserved 1048576K
Event: 4.383 GC heap after
Heap after GC invocations=9 (full 2):
 PSYoungGen      total 117760K, used 9708K [0x00000000d5580000, 0x00000000dd680000, 0x0000000100000000)
  eden space 108032K, 0% used [0x00000000d5580000,0x00000000d5580000,0x00000000dbf00000)
  from space 9728K, 99% used [0x00000000dbf00000,0x00000000dc87b290,0x00000000dc880000)
  to   space 9216K, 0% used [0x00000000dc880000,0x00000000dc880000,0x00000000dd180000)
 ParOldGen       total 90624K, used 11263K [0x0000000080000000, 0x0000000085880000, 0x00000000d5580000)
  object space 90624K, 12% used [0x0000000080000000,0x0000000080afff98,0x0000000085880000)
 Metaspace       used 33265K, capacity 34620K, committed 34904K, reserved 1081344K
  class space    used 4750K, capacity 5082K, committed 5208K, reserved 1048576K
}
Event: 4.973 GC heap before
{Heap before GC invocations=10 (full 2):
 PSYoungGen      total 117760K, used 117740K [0x00000000d5580000, 0x00000000dd680000, 0x0000000100000000)
  eden space 108032K, 100% used [0x00000000d5580000,0x00000000dbf00000,0x00000000dbf00000)
  from space 9728K, 99% used [0x00000000dbf00000,0x00000000dc87b290,0x00000000dc880000)
  to   space 9216K, 0% used [0x00000000dc880000,0x00000000dc880000,0x00000000dd180000)
 ParOldGen       total 90624K, used 11263K [0x0000000080000000, 0x0000000085880000, 0x00000000d5580000)
  object space 90624K, 12% used [0x0000000080000000,0x0000000080afff98,0x0000000085880000)
 Metaspace       used 39076K, capacity 40848K, committed 40896K, reserved 1085440K
  class space    used 5591K, capacity 5957K, committed 5976K, reserved 1048576K
Event: 4.984 GC heap after
Heap after GC invocations=10 (full 2):
 PSYoungGen      total 117248K, used 9204K [0x00000000d5580000, 0x00000000dd680000, 0x0000000100000000)
  eden space 108032K, 0% used [0x00000000d5580000,0x00000000d5580000,0x00000000dbf00000)
  from space 9216K, 99% used [0x00000000dc880000,0x00000000dd17d330,0x00000000dd180000)
  to   space 9728K, 0% used [0x00000000dbf00000,0x00000000dbf00000,0x00000000dc880000)
 ParOldGen       total 90624K, used 15079K [0x0000000080000000, 0x0000000085880000, 0x00000000d5580000)
  object space 90624K, 16% used [0x0000000080000000,0x0000000080eb9f18,0x0000000085880000)
 Metaspace       used 39076K, capacity 40848K, committed 40896K, reserved 1085440K
  class space    used 5591K, capacity 5957K, committed 5976K, reserved 1048576K
}
Event: 4.993 GC heap before
{Heap before GC invocations=11 (full 2):
 PSYoungGen      total 117248K, used 11082K [0x00000000d5580000, 0x00000000dd680000, 0x0000000100000000)
  eden space 108032K, 1% used [0x00000000d5580000,0x00000000d57556f8,0x00000000dbf00000)
  from space 9216K, 99% used [0x00000000dc880000,0x00000000dd17d330,0x00000000dd180000)
  to   space 9728K, 0% used [0x00000000dbf00000,0x00000000dbf00000,0x00000000dc880000)
 ParOldGen       total 90624K, used 15079K [0x0000000080000000, 0x0000000085880000, 0x00000000d5580000)
  object space 90624K, 16% used [0x0000000080000000,0x0000000080eb9f18,0x0000000085880000)
 Metaspace       used 39120K, capacity 40848K, committed 40896K, reserved 1085440K
  class space    used 5598K, capacity 5957K, committed 5976K, reserved 1048576K
Event: 4.999 GC heap after
Heap after GC invocations=11 (full 2):
 PSYoungGen      total 117760K, used 8256K [0x00000000d5580000, 0x00000000dd680000, 0x0000000100000000)
  eden space 108032K, 0% used [0x00000000d5580000,0x00000000d5580000,0x00000000dbf00000)
  from space 9728K, 84% used [0x00000000dbf00000,0x00000000dc710030,0x00000000dc880000)
  to   space 9216K, 0% used [0x00000000dc880000,0x00000000dc880000,0x00000000dd180000)
 ParOldGen       total 90624K, used 15079K [0x0000000080000000, 0x0000000085880000, 0x00000000d5580000)
  object space 90624K, 16% used [0x0000000080000000,0x0000000080eb9f18,0x0000000085880000)
 Metaspace       used 39120K, capacity 40848K, committed 40896K, reserved 1085440K
  class space    used 5598K, capacity 5957K, committed 5976K, reserved 1048576K
}
Event: 4.999 GC heap before
{Heap before GC invocations=12 (full 3):
 PSYoungGen      total 117760K, used 8256K [0x00000000d5580000, 0x00000000dd680000, 0x0000000100000000)
  eden space 108032K, 0% used [0x00000000d5580000,0x00000000d5580000,0x00000000dbf00000)
  from space 9728K, 84% used [0x00000000dbf00000,0x00000000dc710030,0x00000000dc880000)
  to   space 9216K, 0% used [0x00000000dc880000,0x00000000dc880000,0x00000000dd180000)
 ParOldGen       total 90624K, used 15079K [0x0000000080000000, 0x0000000085880000, 0x00000000d5580000)
  object space 90624K, 16% used [0x0000000080000000,0x0000000080eb9f18,0x0000000085880000)
 Metaspace       used 39120K, capacity 40848K, committed 40896K, reserved 1085440K
  class space    used 5598K, capacity 5957K, committed 5976K, reserved 1048576K
Event: 5.116 GC heap after
Heap after GC invocations=12 (full 3):
 PSYoungGen      total 117760K, used 0K [0x00000000d5580000, 0x00000000dd680000, 0x0000000100000000)
  eden space 108032K, 0% used [0x00000000d5580000,0x00000000d5580000,0x00000000dbf00000)
  from space 9728K, 0% used [0x00000000dbf00000,0x00000000dbf00000,0x00000000dc880000)
  to   space 9216K, 0% used [0x00000000dc880000,0x00000000dc880000,0x00000000dd180000)
 ParOldGen       total 90624K, used 16361K [0x0000000080000000, 0x0000000085880000, 0x00000000d5580000)
  object space 90624K, 18% used [0x0000000080000000,0x0000000080ffa7a8,0x0000000085880000)
 Metaspace       used 39120K, capacity 40848K, committed 40896K, reserved 1085440K
  class space    used 5598K, capacity 5957K, committed 5976K, reserved 1048576K
}
Event: 5.882 GC heap before
{Heap before GC invocations=13 (full 3):
 PSYoungGen      total 117760K, used 108032K [0x00000000d5580000, 0x00000000dd680000, 0x0000000100000000)
  eden space 108032K, 100% used [0x00000000d5580000,0x00000000dbf00000,0x00000000dbf00000)
  from space 9728K, 0% used [0x00000000dbf00000,0x00000000dbf00000,0x00000000dc880000)
  to   space 9216K, 0% used [0x00000000dc880000,0x00000000dc880000,0x00000000dd180000)
 ParOldGen       total 90624K, used 16361K [0x0000000080000000, 0x0000000085880000, 0x00000000d5580000)
  object space 90624K, 18% used [0x0000000080000000,0x0000000080ffa7a8,0x0000000085880000)
 Metaspace       used 40928K, capacity 43132K, committed 43352K, reserved 1087488K
  class space    used 5826K, capacity 6228K, committed 6232K, reserved 1048576K
Event: 5.886 GC heap after
Heap after GC invocations=13 (full 3):
 PSYoungGen      total 117248K, used 6458K [0x00000000d5580000, 0x00000000dd680000, 0x0000000100000000)
  eden space 108032K, 0% used [0x00000000d5580000,0x00000000d5580000,0x00000000dbf00000)
  from space 9216K, 70% used [0x00000000dc880000,0x00000000dceceb00,0x00000000dd180000)
  to   space 9728K, 0% used [0x00000000dbf00000,0x00000000dbf00000,0x00000000dc880000)
 ParOldGen       total 90624K, used 16369K [0x0000000080000000, 0x0000000085880000, 0x00000000d5580000)
  object space 90624K, 18% used [0x0000000080000000,0x0000000080ffc7a8,0x0000000085880000)
 Metaspace       used 40928K, capacity 43132K, committed 43352K, reserved 1087488K
  class space    used 5826K, capacity 6228K, committed 6232K, reserved 1048576K
}

