# JRE version: OpenJDK Runtime Environment (11.0.12+7) (build 11.0.12+7-b1504.28-7817840)
# Java VM: OpenJDK 64-Bit Server VM (11.0.12+7-b1504.28-7817840, mixed mode, tiered, compressed oops, g1 gc, windows-amd64)
Heap:
 garbage-first heap   total 262144K, used 197643K [0x0000000080000000, 0x0000000100000000)
  region size 1024K, 83 young (84992K), 9 survivors (9216K)
 Metaspace       used 118938K, capacity 122864K, committed 123088K, reserved 1155072K
  class space    used 15262K, capacity 16816K, committed 16848K, reserved 1048576K
GC Heap History (20 events):
Event: 5.660 GC heap before
{Heap before GC invocations=10 (full 0):
 garbage-first heap   total 262144K, used 194100K [0x0000000080000000, 0x0000000100000000)
  region size 1024K, 147 young (150528K), 4 survivors (4096K)
 Metaspace       used 71320K, capacity 72983K, committed 73168K, reserved 1112064K
  class space    used 9259K, capacity 9898K, committed 9936K, reserved 1048576K
}
Event: 5.665 GC heap after
{Heap after GC invocations=11 (full 0):
 garbage-first heap   total 262144K, used 56484K [0x0000000080000000, 0x0000000100000000)
  region size 1024K, 12 young (12288K), 12 survivors (12288K)
 Metaspace       used 71320K, capacity 72983K, committed 73168K, reserved 1112064K
  class space    used 9259K, capacity 9898K, committed 9936K, reserved 1048576K
}
Event: 6.791 GC heap before
{Heap before GC invocations=11 (full 0):
 garbage-first heap   total 262144K, used 195748K [0x0000000080000000, 0x0000000100000000)
  region size 1024K, 149 young (152576K), 12 survivors (12288K)
 Metaspace       used 83901K, capacity 86141K, committed 86352K, reserved 1124352K
  class space    used 11003K, capacity 11838K, committed 11856K, reserved 1048576K
}
Event: 6.802 GC heap after
{Heap after GC invocations=12 (full 0):
 garbage-first heap   total 262144K, used 67219K [0x0000000080000000, 0x0000000100000000)
  region size 1024K, 11 young (11264K), 11 survivors (11264K)
 Metaspace       used 83901K, capacity 86141K, committed 86352K, reserved 1124352K
  class space    used 11003K, capacity 11838K, committed 11856K, reserved 1048576K
}
Event: 7.473 GC heap before
{Heap before GC invocations=12 (full 0):
 garbage-first heap   total 262144K, used 199315K [0x0000000080000000, 0x0000000100000000)
  region size 1024K, 141 young (144384K), 11 survivors (11264K)
 Metaspace       used 89829K, capacity 92218K, committed 92368K, reserved 1128448K
  class space    used 11743K, capacity 12671K, committed 12752K, reserved 1048576K
}
Event: 7.483 GC heap after
{Heap after GC invocations=13 (full 0):
 garbage-first heap   total 262144K, used 74094K [0x0000000080000000, 0x0000000100000000)
  region size 1024K, 7 young (7168K), 7 survivors (7168K)
 Metaspace       used 89829K, capacity 92218K, committed 92368K, reserved 1128448K
  class space    used 11743K, capacity 12671K, committed 12752K, reserved 1048576K
}
Event: 9.059 GC heap before
{Heap before GC invocations=13 (full 0):
 garbage-first heap   total 262144K, used 203118K [0x0000000080000000, 0x0000000100000000)
  region size 1024K, 134 young (137216K), 7 survivors (7168K)
 Metaspace       used 92641K, capacity 95091K, committed 95184K, reserved 1132544K
  class space    used 12037K, capacity 12984K, committed 13008K, reserved 1048576K
}
Event: 9.066 GC heap after
{Heap after GC invocations=14 (full 0):
 garbage-first heap   total 262144K, used 82434K [0x0000000080000000, 0x0000000100000000)
  region size 1024K, 16 young (16384K), 16 survivors (16384K)
 Metaspace       used 92641K, capacity 95091K, committed 95184K, reserved 1132544K
  class space    used 12037K, capacity 12984K, committed 13008K, reserved 1048576K
}
Event: 9.479 GC heap before
{Heap before GC invocations=14 (full 0):
 garbage-first heap   total 262144K, used 140802K [0x0000000080000000, 0x0000000100000000)
  region size 1024K, 62 young (63488K), 16 survivors (16384K)
 Metaspace       used 98211K, capacity 100871K, committed 100944K, reserved 1136640K
  class space    used 12592K, capacity 13575K, committed 13648K, reserved 1048576K
}
Event: 9.487 GC heap after
{Heap after GC invocations=15 (full 0):
 garbage-first heap   total 262144K, used 82484K [0x0000000080000000, 0x0000000100000000)
  region size 1024K, 9 young (9216K), 9 survivors (9216K)
 Metaspace       used 98211K, capacity 100871K, committed 100944K, reserved 1136640K
  class space    used 12592K, capacity 13575K, committed 13648K, reserved 1048576K
}
Event: 1641.824 GC heap before
{Heap before GC invocations=16 (full 0):
 garbage-first heap   total 262144K, used 227892K [0x0000000080000000, 0x0000000100000000)
  region size 1024K, 135 young (138240K), 9 survivors (9216K)
 Metaspace       used 100883K, capacity 103262K, committed 104016K, reserved 1138688K
  class space    used 12685K, capacity 13575K, committed 13904K, reserved 1048576K
}
Event: 1641.832 GC heap after
{Heap after GC invocations=17 (full 0):
 garbage-first heap   total 262144K, used 87015K [0x0000000080000000, 0x0000000100000000)
  region size 1024K, 14 young (14336K), 14 survivors (14336K)
 Metaspace       used 100883K, capacity 103262K, committed 104016K, reserved 1138688K
  class space    used 12685K, capacity 13575K, committed 13904K, reserved 1048576K
}
Event: 1643.518 GC heap before
{Heap before GC invocations=17 (full 0):
 garbage-first heap   total 262144K, used 212967K [0x0000000080000000, 0x0000000100000000)
  region size 1024K, 136 young (139264K), 14 survivors (14336K)
 Metaspace       used 107445K, capacity 110160K, committed 110288K, reserved 1144832K
  class space    used 13502K, capacity 14486K, committed 14544K, reserved 1048576K
}
Event: 1643.528 GC heap after
{Heap after GC invocations=18 (full 0):
 garbage-first heap   total 262144K, used 96248K [0x0000000080000000, 0x0000000100000000)
  region size 1024K, 17 young (17408K), 17 survivors (17408K)
 Metaspace       used 107445K, capacity 110160K, committed 110288K, reserved 1144832K
  class space    used 13502K, capacity 14486K, committed 14544K, reserved 1048576K
}
Event: 1644.250 GC heap before
{Heap before GC invocations=18 (full 0):
 garbage-first heap   total 262144K, used 211960K [0x0000000080000000, 0x0000000100000000)
  region size 1024K, 129 young (132096K), 17 survivors (17408K)
 Metaspace       used 117528K, capacity 121335K, committed 121424K, reserved 1155072K
  class space    used 15217K, capacity 16715K, committed 16720K, reserved 1048576K
}
Event: 1644.259 GC heap after
{Heap after GC invocations=19 (full 0):
 garbage-first heap   total 262144K, used 96438K [0x0000000080000000, 0x0000000100000000)
  region size 1024K, 4 young (4096K), 4 survivors (4096K)
 Metaspace       used 117528K, capacity 121335K, committed 121424K, reserved 1155072K
  class space    used 15217K, capacity 16715K, committed 16720K, reserved 1048576K
}
Event: 2497.762 GC heap before
{Heap before GC invocations=19 (full 0):
 garbage-first heap   total 262144K, used 231606K [0x0000000080000000, 0x0000000100000000)
  region size 1024K, 120 young (122880K), 4 survivors (4096K)
 Metaspace       used 118212K, capacity 122061K, committed 122320K, reserved 1155072K
  class space    used 15243K, capacity 16783K, committed 16848K, reserved 1048576K
}
Event: 2497.771 GC heap after
{Heap after GC invocations=20 (full 0):
 garbage-first heap   total 262144K, used 114688K [0x0000000080000000, 0x0000000100000000)
  region size 1024K, 15 young (15360K), 15 survivors (15360K)
 Metaspace       used 118212K, capacity 122061K, committed 122320K, reserved 1155072K
  class space    used 15243K, capacity 16783K, committed 16848K, reserved 1048576K
}
Event: 2499.107 GC heap before
{Heap before GC invocations=20 (full 0):
 garbage-first heap   total 262144K, used 222208K [0x0000000080000000, 0x0000000100000000)
  region size 1024K, 104 young (106496K), 15 survivors (15360K)
 Metaspace       used 118542K, capacity 122370K, committed 122576K, reserved 1155072K
  class space    used 15260K, capacity 16814K, committed 16848K, reserved 1048576K
}
Event: 2499.117 GC heap after
{Heap after GC invocations=21 (full 0):
 garbage-first heap   total 262144K, used 122891K [0x0000000080000000, 0x0000000100000000)
  region size 1024K, 9 young (9216K), 9 survivors (9216K)
 Metaspace       used 118542K, capacity 122370K, committed 122576K, reserved 1155072K
  class space    used 15260K, capacity 16814K, committed 16848K, reserved 1048576K
}

