# JRE version: OpenJDK Runtime Environment (11.0.12+7) (build 11.0.12+7-b1504.28-7817840)
# Java VM: OpenJDK 64-Bit Server VM (11.0.12+7-b1504.28-7817840, mixed mode, tiered, compressed oops, g1 gc, windows-amd64)
Heap:
 garbage-first heap   total 262144K, used 179671K [0x0000000080000000, 0x0000000100000000)
  region size 1024K, 137 young (140288K), 17 survivors (17408K)
 Metaspace       used 51199K, capacity 52738K, committed 52864K, reserved 1095680K
  class space    used 6626K, capacity 7190K, committed 7296K, reserved 1048576K
GC Heap History (12 events):
Event: 0.731 GC heap before
{Heap before GC invocations=0 (full 0):
 garbage-first heap   total 262144K, used 30720K [0x0000000080000000, 0x0000000100000000)
  region size 1024K, 24 young (24576K), 0 survivors (0K)
 Metaspace       used 10205K, capacity 10424K, committed 10624K, reserved 1058816K
  class space    used 1069K, capacity 1140K, committed 1152K, reserved 1048576K
}
Event: 0.735 GC heap after
{Heap after GC invocations=1 (full 0):
 garbage-first heap   total 262144K, used 9728K [0x0000000080000000, 0x0000000100000000)
  region size 1024K, 3 young (3072K), 3 survivors (3072K)
 Metaspace       used 10205K, capacity 10424K, committed 10624K, reserved 1058816K
  class space    used 1069K, capacity 1140K, committed 1152K, reserved 1048576K
}
Event: 2.629 GC heap before
{Heap before GC invocations=1 (full 0):
 garbage-first heap   total 262144K, used 110080K [0x0000000080000000, 0x0000000100000000)
  region size 1024K, 102 young (104448K), 3 survivors (3072K)
 Metaspace       used 20688K, capacity 21151K, committed 21248K, reserved 1067008K
  class space    used 2547K, capacity 2728K, committed 2816K, reserved 1048576K
}
Event: 2.638 GC heap after
{Heap after GC invocations=2 (full 0):
 garbage-first heap   total 262144K, used 17549K [0x0000000080000000, 0x0000000100000000)
  region size 1024K, 11 young (11264K), 11 survivors (11264K)
 Metaspace       used 20688K, capacity 21151K, committed 21248K, reserved 1067008K
  class space    used 2547K, capacity 2728K, committed 2816K, reserved 1048576K
}
Event: 2.874 GC heap before
{Heap before GC invocations=3 (full 0):
 garbage-first heap   total 262144K, used 46221K [0x0000000080000000, 0x0000000100000000)
  region size 1024K, 39 young (39936K), 11 survivors (11264K)
 Metaspace       used 23313K, capacity 23870K, committed 23936K, reserved 1071104K
  class space    used 2967K, capacity 3150K, committed 3200K, reserved 1048576K
}
Event: 2.880 GC heap after
{Heap after GC invocations=4 (full 0):
 garbage-first heap   total 262144K, used 18448K [0x0000000080000000, 0x0000000100000000)
  region size 1024K, 2 young (2048K), 2 survivors (2048K)
 Metaspace       used 23313K, capacity 23870K, committed 23936K, reserved 1071104K
  class space    used 2967K, capacity 3150K, committed 3200K, reserved 1048576K
}
Event: 3.789 GC heap before
{Heap before GC invocations=4 (full 0):
 garbage-first heap   total 262144K, used 123920K [0x0000000080000000, 0x0000000100000000)
  region size 1024K, 95 young (97280K), 2 survivors (2048K)
 Metaspace       used 32073K, capacity 32879K, committed 33152K, reserved 1077248K
  class space    used 4335K, capacity 4645K, committed 4736K, reserved 1048576K
}
Event: 3.794 GC heap after
{Heap after GC invocations=5 (full 0):
 garbage-first heap   total 262144K, used 34613K [0x0000000080000000, 0x0000000100000000)
  region size 1024K, 8 young (8192K), 8 survivors (8192K)
 Metaspace       used 32073K, capacity 32879K, committed 33152K, reserved 1077248K
  class space    used 4335K, capacity 4645K, committed 4736K, reserved 1048576K
}
Event: 4.049 GC heap before
{Heap before GC invocations=5 (full 0):
 garbage-first heap   total 262144K, used 48949K [0x0000000080000000, 0x0000000100000000)
  region size 1024K, 23 young (23552K), 8 survivors (8192K)
 Metaspace       used 34735K, capacity 35650K, committed 35840K, reserved 1079296K
  class space    used 4646K, capacity 4993K, committed 5120K, reserved 1048576K
}
Event: 4.057 GC heap after
{Heap after GC invocations=6 (full 0):
 garbage-first heap   total 262144K, used 36096K [0x0000000080000000, 0x0000000100000000)
  region size 1024K, 9 young (9216K), 9 survivors (9216K)
 Metaspace       used 34735K, capacity 35650K, committed 35840K, reserved 1079296K
  class space    used 4646K, capacity 4993K, committed 5120K, reserved 1048576K
}
Event: 5.309 GC heap before
{Heap before GC invocations=7 (full 0):
 garbage-first heap   total 262144K, used 167168K [0x0000000080000000, 0x0000000100000000)
  region size 1024K, 130 young (133120K), 9 survivors (9216K)
 Metaspace       used 45866K, capacity 47164K, committed 47360K, reserved 1089536K
  class space    used 5833K, capacity 6301K, committed 6400K, reserved 1048576K
}
Event: 5.322 GC heap after
{Heap after GC invocations=8 (full 0):
 garbage-first heap   total 262144K, used 49623K [0x0000000080000000, 0x0000000100000000)
  region size 1024K, 17 young (17408K), 17 survivors (17408K)
 Metaspace       used 45866K, capacity 47164K, committed 47360K, reserved 1089536K
  class space    used 5833K, capacity 6301K, committed 6400K, reserved 1048576K
}

