# JRE version: OpenJDK Runtime Environment (11.0.12+7) (build 11.0.12+7-b1504.28-7817840)
# Java VM: OpenJDK 64-Bit Server VM (11.0.12+7-b1504.28-7817840, mixed mode, tiered, compressed oops, g1 gc, windows-amd64)
Heap:
 garbage-first heap   total 262144K, used 107288K [0x0000000080000000, 0x0000000100000000)
  region size 1024K, 90 young (92160K), 13 survivors (13312K)
 Metaspace       used 47947K, capacity 49207K, committed 49408K, reserved 1091584K
  class space    used 6176K, capacity 6637K, committed 6656K, reserved 1048576K
GC Heap History (10 events):
Event: 0.647 GC heap before
{Heap before GC invocations=0 (full 0):
 garbage-first heap   total 262144K, used 29696K [0x0000000080000000, 0x0000000100000000)
  region size 1024K, 24 young (24576K), 0 survivors (0K)
 Metaspace       used 10220K, capacity 10424K, committed 10624K, reserved 1058816K
  class space    used 1069K, capacity 1140K, committed 1152K, reserved 1048576K
}
Event: 0.651 GC heap after
{Heap after GC invocations=1 (full 0):
 garbage-first heap   total 262144K, used 9236K [0x0000000080000000, 0x0000000100000000)
  region size 1024K, 3 young (3072K), 3 survivors (3072K)
 Metaspace       used 10220K, capacity 10424K, committed 10624K, reserved 1058816K
  class space    used 1069K, capacity 1140K, committed 1152K, reserved 1048576K
}
Event: 2.619 GC heap before
{Heap before GC invocations=1 (full 0):
 garbage-first heap   total 262144K, used 113684K [0x0000000080000000, 0x0000000100000000)
  region size 1024K, 105 young (107520K), 3 survivors (3072K)
 Metaspace       used 20775K, capacity 21152K, committed 21296K, reserved 1069056K
  class space    used 2563K, capacity 2717K, committed 2816K, reserved 1048576K
}
Event: 2.628 GC heap after
{Heap after GC invocations=2 (full 0):
 garbage-first heap   total 262144K, used 16895K [0x0000000080000000, 0x0000000100000000)
  region size 1024K, 11 young (11264K), 11 survivors (11264K)
 Metaspace       used 20775K, capacity 21152K, committed 21296K, reserved 1069056K
  class space    used 2563K, capacity 2717K, committed 2816K, reserved 1048576K
}
Event: 2.906 GC heap before
{Heap before GC invocations=3 (full 0):
 garbage-first heap   total 262144K, used 47615K [0x0000000080000000, 0x0000000100000000)
  region size 1024K, 41 young (41984K), 11 survivors (11264K)
 Metaspace       used 24038K, capacity 24527K, committed 24832K, reserved 1071104K
  class space    used 3043K, capacity 3250K, committed 3328K, reserved 1048576K
}
Event: 2.912 GC heap after
{Heap after GC invocations=4 (full 0):
 garbage-first heap   total 262144K, used 18270K [0x0000000080000000, 0x0000000100000000)
  region size 1024K, 2 young (2048K), 2 survivors (2048K)
 Metaspace       used 24038K, capacity 24527K, committed 24832K, reserved 1071104K
  class space    used 3043K, capacity 3250K, committed 3328K, reserved 1048576K
}
Event: 3.892 GC heap before
{Heap before GC invocations=4 (full 0):
 garbage-first heap   total 262144K, used 101214K [0x0000000080000000, 0x0000000100000000)
  region size 1024K, 84 young (86016K), 2 survivors (2048K)
 Metaspace       used 34997K, capacity 35794K, committed 35840K, reserved 1081344K
  class space    used 4548K, capacity 4844K, committed 4864K, reserved 1048576K
}
Event: 3.901 GC heap after
{Heap after GC invocations=5 (full 0):
 garbage-first heap   total 262144K, used 22098K [0x0000000080000000, 0x0000000100000000)
  region size 1024K, 6 young (6144K), 6 survivors (6144K)
 Metaspace       used 34997K, capacity 35794K, committed 35840K, reserved 1081344K
  class space    used 4548K, capacity 4844K, committed 4864K, reserved 1048576K
}
Event: 4.994 GC heap before
{Heap before GC invocations=6 (full 0):
 garbage-first heap   total 262144K, used 139858K [0x0000000080000000, 0x0000000100000000)
  region size 1024K, 118 young (120832K), 6 survivors (6144K)
 Metaspace       used 44713K, capacity 45810K, committed 45952K, reserved 1089536K
  class space    used 5754K, capacity 6164K, committed 6272K, reserved 1048576K
}
Event: 5.004 GC heap after
{Heap after GC invocations=7 (full 0):
 garbage-first heap   total 262144K, used 29464K [0x0000000080000000, 0x0000000100000000)
  region size 1024K, 13 young (13312K), 13 survivors (13312K)
 Metaspace       used 44713K, capacity 45810K, committed 45952K, reserved 1089536K
  class space    used 5754K, capacity 6164K, committed 6272K, reserved 1048576K
}

