# JRE version: OpenJDK Runtime Environment (11.0.12+7) (build 11.0.12+7-b1504.28-7817840)
# Java VM: OpenJDK 64-Bit Server VM (11.0.12+7-b1504.28-7817840, mixed mode, tiered, compressed oops, g1 gc, windows-amd64)
Heap:
 garbage-first heap   total 262144K, used 56827K [0x0000000080000000, 0x0000000100000000)
  region size 1024K, 13 young (13312K), 3 survivors (3072K)
 Metaspace       used 59983K, capacity 61420K, committed 61816K, reserved 1103872K
  class space    used 7641K, capacity 8193K, committed 8320K, reserved 1048576K
GC Heap History (14 events):
Event: 0.687 GC heap before
{Heap before GC invocations=0 (full 0):
 garbage-first heap   total 262144K, used 29696K [0x0000000080000000, 0x0000000100000000)
  region size 1024K, 24 young (24576K), 0 survivors (0K)
 Metaspace       used 10193K, capacity 10424K, committed 10624K, reserved 1058816K
  class space    used 1069K, capacity 1140K, committed 1152K, reserved 1048576K
}
Event: 0.692 GC heap after
{Heap after GC invocations=1 (full 0):
 garbage-first heap   total 262144K, used 9396K [0x0000000080000000, 0x0000000100000000)
  region size 1024K, 3 young (3072K), 3 survivors (3072K)
 Metaspace       used 10193K, capacity 10424K, committed 10624K, reserved 1058816K
  class space    used 1069K, capacity 1140K, committed 1152K, reserved 1048576K
}
Event: 2.627 GC heap before
{Heap before GC invocations=1 (full 0):
 garbage-first heap   total 262144K, used 112820K [0x0000000080000000, 0x0000000100000000)
  region size 1024K, 104 young (106496K), 3 survivors (3072K)
 Metaspace       used 20701K, capacity 21134K, committed 21248K, reserved 1067008K
  class space    used 2546K, capacity 2711K, committed 2816K, reserved 1048576K
}
Event: 2.635 GC heap after
{Heap after GC invocations=2 (full 0):
 garbage-first heap   total 262144K, used 16986K [0x0000000080000000, 0x0000000100000000)
  region size 1024K, 11 young (11264K), 11 survivors (11264K)
 Metaspace       used 20701K, capacity 21134K, committed 21248K, reserved 1067008K
  class space    used 2546K, capacity 2711K, committed 2816K, reserved 1048576K
}
Event: 2.888 GC heap before
{Heap before GC invocations=3 (full 0):
 garbage-first heap   total 262144K, used 48730K [0x0000000080000000, 0x0000000100000000)
  region size 1024K, 42 young (43008K), 11 survivors (11264K)
 Metaspace       used 23951K, capacity 24517K, committed 24832K, reserved 1071104K
  class space    used 3033K, capacity 3246K, committed 3328K, reserved 1048576K
}
Event: 2.894 GC heap after
{Heap after GC invocations=4 (full 0):
 garbage-first heap   total 262144K, used 18373K [0x0000000080000000, 0x0000000100000000)
  region size 1024K, 2 young (2048K), 2 survivors (2048K)
 Metaspace       used 23951K, capacity 24517K, committed 24832K, reserved 1071104K
  class space    used 3033K, capacity 3246K, committed 3328K, reserved 1048576K
}
Event: 3.834 GC heap before
{Heap before GC invocations=4 (full 0):
 garbage-first heap   total 262144K, used 100293K [0x0000000080000000, 0x0000000100000000)
  region size 1024K, 83 young (84992K), 2 survivors (2048K)
 Metaspace       used 34897K, capacity 35721K, committed 35840K, reserved 1081344K
  class space    used 4532K, capacity 4840K, committed 4864K, reserved 1048576K
}
Event: 3.846 GC heap after
{Heap after GC invocations=5 (full 0):
 garbage-first heap   total 262144K, used 22143K [0x0000000080000000, 0x0000000100000000)
  region size 1024K, 6 young (6144K), 6 survivors (6144K)
 Metaspace       used 34897K, capacity 35721K, committed 35840K, reserved 1081344K
  class space    used 4532K, capacity 4840K, committed 4864K, reserved 1048576K
}
Event: 5.015 GC heap before
{Heap before GC invocations=6 (full 0):
 garbage-first heap   total 262144K, used 146047K [0x0000000080000000, 0x0000000100000000)
  region size 1024K, 124 young (126976K), 6 survivors (6144K)
 Metaspace       used 44975K, capacity 46043K, committed 46208K, reserved 1089536K
  class space    used 5799K, capacity 6198K, committed 6272K, reserved 1048576K
}
Event: 5.025 GC heap after
{Heap after GC invocations=7 (full 0):
 garbage-first heap   total 262144K, used 29422K [0x0000000080000000, 0x0000000100000000)
  region size 1024K, 13 young (13312K), 13 survivors (13312K)
 Metaspace       used 44975K, capacity 46043K, committed 46208K, reserved 1089536K
  class space    used 5799K, capacity 6198K, committed 6272K, reserved 1048576K
}
Event: 6.360 GC heap before
{Heap before GC invocations=7 (full 0):
 garbage-first heap   total 262144K, used 175854K [0x0000000080000000, 0x0000000100000000)
  region size 1024K, 153 young (156672K), 13 survivors (13312K)
 Metaspace       used 54330K, capacity 55696K, committed 55936K, reserved 1097728K
  class space    used 6990K, capacity 7505K, committed 7552K, reserved 1048576K
}
Event: 6.375 GC heap after
{Heap after GC invocations=8 (full 0):
 garbage-first heap   total 262144K, used 44576K [0x0000000080000000, 0x0000000100000000)
  region size 1024K, 19 young (19456K), 19 survivors (19456K)
 Metaspace       used 54330K, capacity 55696K, committed 55936K, reserved 1097728K
  class space    used 6990K, capacity 7505K, committed 7552K, reserved 1048576K
}
Event: 6.686 GC heap before
{Heap before GC invocations=8 (full 0):
 garbage-first heap   total 262144K, used 69152K [0x0000000080000000, 0x0000000100000000)
  region size 1024K, 44 young (45056K), 19 survivors (19456K)
 Metaspace       used 58408K, capacity 59848K, committed 59904K, reserved 1101824K
  class space    used 7408K, capacity 7924K, committed 7936K, reserved 1048576K
}
Event: 6.704 GC heap after
{Heap after GC invocations=9 (full 0):
 garbage-first heap   total 262144K, used 47611K [0x0000000080000000, 0x0000000100000000)
  region size 1024K, 3 young (3072K), 3 survivors (3072K)
 Metaspace       used 58408K, capacity 59848K, committed 59904K, reserved 1101824K
  class space    used 7408K, capacity 7924K, committed 7936K, reserved 1048576K
}

