# JRE version: OpenJDK Runtime Environment (11.0.12+7) (build 11.0.12+7-b1504.28-7817840)
# Java VM: OpenJDK 64-Bit Server VM (11.0.12+7-b1504.28-7817840, mixed mode, tiered, compressed oops, g1 gc, windows-amd64)
Heap:
 garbage-first heap   total 262144K, used 154846K [0x0000000080000000, 0x0000000100000000)
  region size 1024K, 119 young (121856K), 9 survivors (9216K)
 Metaspace       used 45646K, capacity 46970K, committed 47232K, reserved 1089536K
  class space    used 5800K, capacity 6258K, committed 6272K, reserved 1048576K
GC Heap History (10 events):
Event: 0.714 GC heap before
{Heap before GC invocations=0 (full 0):
 garbage-first heap   total 262144K, used 30720K [0x0000000080000000, 0x0000000100000000)
  region size 1024K, 24 young (24576K), 0 survivors (0K)
 Metaspace       used 10190K, capacity 10424K, committed 10624K, reserved 1058816K
  class space    used 1070K, capacity 1140K, committed 1152K, reserved 1048576K
}
Event: 0.719 GC heap after
{Heap after GC invocations=1 (full 0):
 garbage-first heap   total 262144K, used 9826K [0x0000000080000000, 0x0000000100000000)
  region size 1024K, 3 young (3072K), 3 survivors (3072K)
 Metaspace       used 10190K, capacity 10424K, committed 10624K, reserved 1058816K
  class space    used 1070K, capacity 1140K, committed 1152K, reserved 1048576K
}
Event: 2.747 GC heap before
{Heap before GC invocations=1 (full 0):
 garbage-first heap   total 262144K, used 111202K [0x0000000080000000, 0x0000000100000000)
  region size 1024K, 102 young (104448K), 3 survivors (3072K)
 Metaspace       used 20714K, capacity 21151K, committed 21248K, reserved 1067008K
  class space    used 2548K, capacity 2728K, committed 2816K, reserved 1048576K
}
Event: 2.759 GC heap after
{Heap after GC invocations=2 (full 0):
 garbage-first heap   total 262144K, used 17324K [0x0000000080000000, 0x0000000100000000)
  region size 1024K, 11 young (11264K), 11 survivors (11264K)
 Metaspace       used 20714K, capacity 21151K, committed 21248K, reserved 1067008K
  class space    used 2548K, capacity 2728K, committed 2816K, reserved 1048576K
}
Event: 2.893 GC heap before
{Heap before GC invocations=3 (full 0):
 garbage-first heap   total 262144K, used 30636K [0x0000000080000000, 0x0000000100000000)
  region size 1024K, 24 young (24576K), 11 survivors (11264K)
 Metaspace       used 22364K, capacity 22891K, committed 23040K, reserved 1069056K
  class space    used 2782K, capacity 2951K, committed 3072K, reserved 1048576K
}
Event: 2.898 GC heap after
{Heap after GC invocations=4 (full 0):
 garbage-first heap   total 262144K, used 17953K [0x0000000080000000, 0x0000000100000000)
  region size 1024K, 1 young (1024K), 1 survivors (1024K)
 Metaspace       used 22364K, capacity 22891K, committed 23040K, reserved 1069056K
  class space    used 2782K, capacity 2951K, committed 3072K, reserved 1048576K
}
Event: 3.920 GC heap before
{Heap before GC invocations=4 (full 0):
 garbage-first heap   total 262144K, used 135713K [0x0000000080000000, 0x0000000100000000)
  region size 1024K, 106 young (108544K), 1 survivors (1024K)
 Metaspace       used 31691K, capacity 32511K, committed 32512K, reserved 1077248K
  class space    used 4272K, capacity 4607K, committed 4608K, reserved 1048576K
}
Event: 3.926 GC heap after
{Heap after GC invocations=5 (full 0):
 garbage-first heap   total 262144K, used 35062K [0x0000000080000000, 0x0000000100000000)
  region size 1024K, 8 young (8192K), 8 survivors (8192K)
 Metaspace       used 31691K, capacity 32511K, committed 32512K, reserved 1077248K
  class space    used 4272K, capacity 4607K, committed 4608K, reserved 1048576K
}
Event: 4.212 GC heap before
{Heap before GC invocations=5 (full 0):
 garbage-first heap   total 262144K, used 53494K [0x0000000080000000, 0x0000000100000000)
  region size 1024K, 27 young (27648K), 8 survivors (8192K)
 Metaspace       used 34781K, capacity 35713K, committed 35840K, reserved 1079296K
  class space    used 4648K, capacity 4993K, committed 5120K, reserved 1048576K
}
Event: 4.220 GC heap after
{Heap after GC invocations=6 (full 0):
 garbage-first heap   total 262144K, used 36062K [0x0000000080000000, 0x0000000100000000)
  region size 1024K, 9 young (9216K), 9 survivors (9216K)
 Metaspace       used 34781K, capacity 35713K, committed 35840K, reserved 1079296K
  class space    used 4648K, capacity 4993K, committed 5120K, reserved 1048576K
}

